d:\diablo 2 scripts\fastfind-master\fastfinddll\dofusrelease\fastfinddll.pch
d:\diablo 2 scripts\fastfind-master\fastfinddll\dofusrelease\vc140.pdb
d:\diablo 2 scripts\fastfind-master\fastfinddll\dofusrelease\stdafx.obj
d:\diablo 2 scripts\fastfind-master\fastfinddll\dofusrelease\tracer.obj
d:\diablo 2 scripts\fastfind-master\fastfinddll\dofusrelease\specific.obj
d:\diablo 2 scripts\fastfind-master\fastfinddll\dofusrelease\snapshots.obj
d:\diablo 2 scripts\fastfind-master\fastfinddll\dofusrelease\pixelprocessing.obj
d:\diablo 2 scripts\fastfind-master\fastfinddll\dofusrelease\imageprocessing.obj
d:\diablo 2 scripts\fastfind-master\fastfinddll\dofusrelease\hirestimer.obj
d:\diablo 2 scripts\fastfind-master\fastfinddll\dofusrelease\fastfind.obj
d:\diablo 2 scripts\fastfind-master\fastfinddll\dofusrelease\win9x.obj
d:\diablo 2 scripts\fastfind-master\dofusrelease\fastfinddll.lib
d:\diablo 2 scripts\fastfind-master\dofusrelease\fastfinddll.exp
d:\diablo 2 scripts\fastfind-master\dofusrelease\fastfinddll.dll
d:\diablo 2 scripts\fastfind-master\dofusrelease\fastfinddll.ipdb
d:\diablo 2 scripts\fastfind-master\dofusrelease\fastfinddll.iobj
d:\diablo 2 scripts\fastfind-master\dofusrelease\fastfinddll.pdb
d:\diablo 2 scripts\fastfind-master\fastfinddll\dofusrelease\fastfind.res
d:\diablo 2 scripts\fastfind-master\fastfinddll\dofusrelease\fastfinddll.tlog\cl.command.1.tlog
d:\diablo 2 scripts\fastfind-master\fastfinddll\dofusrelease\fastfinddll.tlog\cl.read.1.tlog
d:\diablo 2 scripts\fastfind-master\fastfinddll\dofusrelease\fastfinddll.tlog\cl.write.1.tlog
d:\diablo 2 scripts\fastfind-master\fastfinddll\dofusrelease\fastfinddll.tlog\fastfinddll.write.1u.tlog
d:\diablo 2 scripts\fastfind-master\fastfinddll\dofusrelease\fastfinddll.tlog\link.command.1.tlog
d:\diablo 2 scripts\fastfind-master\fastfinddll\dofusrelease\fastfinddll.tlog\link.read.1.tlog
d:\diablo 2 scripts\fastfind-master\fastfinddll\dofusrelease\fastfinddll.tlog\link.write.1.tlog
d:\diablo 2 scripts\fastfind-master\fastfinddll\dofusrelease\fastfinddll.tlog\rc.command.1.tlog
d:\diablo 2 scripts\fastfind-master\fastfinddll\dofusrelease\fastfinddll.tlog\rc.read.1.tlog
d:\diablo 2 scripts\fastfind-master\fastfinddll\dofusrelease\fastfinddll.tlog\rc.write.1.tlog
